[24-Feb-2023 23:30:13 Europe/Berlin] Inicia App
[24-Feb-2023 23:30:24 Europe/Berlin] Inicia App
[24-Feb-2023 23:30:24 Europe/Berlin] Inicia App
[24-Feb-2023 23:30:29 Europe/Berlin] Inicia App
[24-Feb-2023 23:30:29 Europe/Berlin] diego2
[24-Feb-2023 23:30:29 Europe/Berlin] $2y$10$ooK2DDUd97/Kd5WxBIRwwu.8BUmc.rKmCY4r1w9.GMnLCL2E9enOm
[24-Feb-2023 23:30:29 Europe/Berlin] User logged in
[24-Feb-2023 23:30:30 Europe/Berlin] Inicia App
[24-Feb-2023 23:30:30 Europe/Berlin] title: aqui con la bandida de lesly 
[24-Feb-2023 23:30:30 Europe/Berlin] diego
[24-Feb-2023 23:30:30 Europe/Berlin] $2y$10$97DKVHkr5VcofbBYs/Yn/ONstKh0nmxmrCxsM0XzbxlSzJU5FkJsu
[24-Feb-2023 23:30:30 Europe/Berlin] title: pepeloni
[24-Feb-2023 23:30:30 Europe/Berlin] diego
[24-Feb-2023 23:30:30 Europe/Berlin] $2y$10$97DKVHkr5VcofbBYs/Yn/ONstKh0nmxmrCxsM0XzbxlSzJU5FkJsu
[24-Feb-2023 23:30:30 Europe/Berlin] title: aaaa
[24-Feb-2023 23:30:30 Europe/Berlin] diego
[24-Feb-2023 23:30:30 Europe/Berlin] $2y$10$97DKVHkr5VcofbBYs/Yn/ONstKh0nmxmrCxsM0XzbxlSzJU5FkJsu
[24-Feb-2023 23:30:41 Europe/Berlin] Inicia App
[24-Feb-2023 23:30:42 Europe/Berlin] title: tu vieja samuari
[24-Feb-2023 23:30:42 Europe/Berlin] Inicia App
[24-Feb-2023 23:30:42 Europe/Berlin] title: tu vieja samuari
[24-Feb-2023 23:30:42 Europe/Berlin] diego2
[24-Feb-2023 23:30:42 Europe/Berlin] $2y$10$ooK2DDUd97/Kd5WxBIRwwu.8BUmc.rKmCY4r1w9.GMnLCL2E9enOm
[24-Feb-2023 23:30:42 Europe/Berlin] title: aqui con la bandida de lesly 
[24-Feb-2023 23:30:42 Europe/Berlin] diego
[24-Feb-2023 23:30:42 Europe/Berlin] $2y$10$97DKVHkr5VcofbBYs/Yn/ONstKh0nmxmrCxsM0XzbxlSzJU5FkJsu
[24-Feb-2023 23:30:42 Europe/Berlin] title: pepeloni
[24-Feb-2023 23:30:42 Europe/Berlin] diego
[24-Feb-2023 23:30:42 Europe/Berlin] $2y$10$97DKVHkr5VcofbBYs/Yn/ONstKh0nmxmrCxsM0XzbxlSzJU5FkJsu
[24-Feb-2023 23:30:42 Europe/Berlin] title: aaaa
[24-Feb-2023 23:30:42 Europe/Berlin] diego
[24-Feb-2023 23:30:42 Europe/Berlin] $2y$10$97DKVHkr5VcofbBYs/Yn/ONstKh0nmxmrCxsM0XzbxlSzJU5FkJsu
[24-Feb-2023 23:30:50 Europe/Berlin] Inicia App
[24-Feb-2023 23:30:50 Europe/Berlin] like-> no es nulo
[24-Feb-2023 23:30:50 Europe/Berlin] title: tu vieja samuari
[24-Feb-2023 23:30:50 Europe/Berlin] tu vieja samuari
[24-Feb-2023 23:30:50 Europe/Berlin] post_id = 18; user_id = 12
[24-Feb-2023 23:30:51 Europe/Berlin] Inicia App
[24-Feb-2023 23:30:51 Europe/Berlin] title: tu vieja samuari
[24-Feb-2023 23:30:51 Europe/Berlin] diego2
[24-Feb-2023 23:30:51 Europe/Berlin] $2y$10$ooK2DDUd97/Kd5WxBIRwwu.8BUmc.rKmCY4r1w9.GMnLCL2E9enOm
[24-Feb-2023 23:30:51 Europe/Berlin] title: aqui con la bandida de lesly 
[24-Feb-2023 23:30:51 Europe/Berlin] diego
[24-Feb-2023 23:30:51 Europe/Berlin] $2y$10$97DKVHkr5VcofbBYs/Yn/ONstKh0nmxmrCxsM0XzbxlSzJU5FkJsu
[24-Feb-2023 23:30:51 Europe/Berlin] title: pepeloni
[24-Feb-2023 23:30:51 Europe/Berlin] diego
[24-Feb-2023 23:30:51 Europe/Berlin] $2y$10$97DKVHkr5VcofbBYs/Yn/ONstKh0nmxmrCxsM0XzbxlSzJU5FkJsu
[24-Feb-2023 23:30:51 Europe/Berlin] title: aaaa
[24-Feb-2023 23:30:51 Europe/Berlin] diego
[24-Feb-2023 23:30:51 Europe/Berlin] $2y$10$97DKVHkr5VcofbBYs/Yn/ONstKh0nmxmrCxsM0XzbxlSzJU5FkJsu
[24-Feb-2023 23:30:54 Europe/Berlin] Inicia App
[24-Feb-2023 23:30:54 Europe/Berlin] Inicia App
[24-Feb-2023 23:30:59 Europe/Berlin] Inicia App
[24-Feb-2023 23:30:59 Europe/Berlin] diego
[24-Feb-2023 23:30:59 Europe/Berlin] $2y$10$97DKVHkr5VcofbBYs/Yn/ONstKh0nmxmrCxsM0XzbxlSzJU5FkJsu
[24-Feb-2023 23:30:59 Europe/Berlin] User logged in
[24-Feb-2023 23:31:00 Europe/Berlin] Inicia App
[24-Feb-2023 23:31:00 Europe/Berlin] title: tu vieja samuari
[24-Feb-2023 23:31:00 Europe/Berlin] diego2
[24-Feb-2023 23:31:00 Europe/Berlin] $2y$10$ooK2DDUd97/Kd5WxBIRwwu.8BUmc.rKmCY4r1w9.GMnLCL2E9enOm
[24-Feb-2023 23:31:00 Europe/Berlin] title: aqui con la bandida de lesly 
[24-Feb-2023 23:31:00 Europe/Berlin] diego
[24-Feb-2023 23:31:00 Europe/Berlin] $2y$10$97DKVHkr5VcofbBYs/Yn/ONstKh0nmxmrCxsM0XzbxlSzJU5FkJsu
[24-Feb-2023 23:31:00 Europe/Berlin] title: pepeloni
[24-Feb-2023 23:31:00 Europe/Berlin] diego
[24-Feb-2023 23:31:00 Europe/Berlin] $2y$10$97DKVHkr5VcofbBYs/Yn/ONstKh0nmxmrCxsM0XzbxlSzJU5FkJsu
[24-Feb-2023 23:31:00 Europe/Berlin] title: aaaa
[24-Feb-2023 23:31:00 Europe/Berlin] diego
[24-Feb-2023 23:31:00 Europe/Berlin] $2y$10$97DKVHkr5VcofbBYs/Yn/ONstKh0nmxmrCxsM0XzbxlSzJU5FkJsu
[24-Feb-2023 23:31:03 Europe/Berlin] Inicia App
[24-Feb-2023 23:31:03 Europe/Berlin] like-> no es nulo
[24-Feb-2023 23:31:03 Europe/Berlin] title: tu vieja samuari
[24-Feb-2023 23:31:03 Europe/Berlin] tu vieja samuari
[24-Feb-2023 23:31:03 Europe/Berlin] post_id = 18; user_id = 10
[24-Feb-2023 23:31:04 Europe/Berlin] Inicia App
[24-Feb-2023 23:31:04 Europe/Berlin] title: tu vieja samuari
[24-Feb-2023 23:31:04 Europe/Berlin] diego2
[24-Feb-2023 23:31:04 Europe/Berlin] $2y$10$ooK2DDUd97/Kd5WxBIRwwu.8BUmc.rKmCY4r1w9.GMnLCL2E9enOm
[24-Feb-2023 23:31:04 Europe/Berlin] title: aqui con la bandida de lesly 
[24-Feb-2023 23:31:04 Europe/Berlin] diego
[24-Feb-2023 23:31:04 Europe/Berlin] $2y$10$97DKVHkr5VcofbBYs/Yn/ONstKh0nmxmrCxsM0XzbxlSzJU5FkJsu
[24-Feb-2023 23:31:04 Europe/Berlin] title: pepeloni
[24-Feb-2023 23:31:04 Europe/Berlin] diego
[24-Feb-2023 23:31:04 Europe/Berlin] $2y$10$97DKVHkr5VcofbBYs/Yn/ONstKh0nmxmrCxsM0XzbxlSzJU5FkJsu
[24-Feb-2023 23:31:04 Europe/Berlin] title: aaaa
[24-Feb-2023 23:31:04 Europe/Berlin] diego
[24-Feb-2023 23:31:04 Europe/Berlin] $2y$10$97DKVHkr5VcofbBYs/Yn/ONstKh0nmxmrCxsM0XzbxlSzJU5FkJsu
[24-Feb-2023 23:31:07 Europe/Berlin] Inicia App
[24-Feb-2023 23:31:07 Europe/Berlin] like-> no es nulo
[24-Feb-2023 23:31:07 Europe/Berlin] title: tu vieja samuari
[24-Feb-2023 23:31:07 Europe/Berlin] tu vieja samuari
[24-Feb-2023 23:31:07 Europe/Berlin] Inicia App
[24-Feb-2023 23:31:07 Europe/Berlin] title: tu vieja samuari
[24-Feb-2023 23:31:07 Europe/Berlin] diego2
[24-Feb-2023 23:31:07 Europe/Berlin] $2y$10$ooK2DDUd97/Kd5WxBIRwwu.8BUmc.rKmCY4r1w9.GMnLCL2E9enOm
[24-Feb-2023 23:31:07 Europe/Berlin] title: aqui con la bandida de lesly 
[24-Feb-2023 23:31:07 Europe/Berlin] diego
[24-Feb-2023 23:31:07 Europe/Berlin] $2y$10$97DKVHkr5VcofbBYs/Yn/ONstKh0nmxmrCxsM0XzbxlSzJU5FkJsu
[24-Feb-2023 23:31:07 Europe/Berlin] title: pepeloni
[24-Feb-2023 23:31:07 Europe/Berlin] diego
[24-Feb-2023 23:31:07 Europe/Berlin] $2y$10$97DKVHkr5VcofbBYs/Yn/ONstKh0nmxmrCxsM0XzbxlSzJU5FkJsu
[24-Feb-2023 23:31:07 Europe/Berlin] title: aaaa
[24-Feb-2023 23:31:07 Europe/Berlin] diego
[24-Feb-2023 23:31:07 Europe/Berlin] $2y$10$97DKVHkr5VcofbBYs/Yn/ONstKh0nmxmrCxsM0XzbxlSzJU5FkJsu
[24-Feb-2023 23:31:10 Europe/Berlin] Inicia App
[24-Feb-2023 23:31:10 Europe/Berlin] like-> no es nulo
[24-Feb-2023 23:31:10 Europe/Berlin] title: tu vieja samuari
[24-Feb-2023 23:31:10 Europe/Berlin] tu vieja samuari
[24-Feb-2023 23:31:10 Europe/Berlin] post_id = 18; user_id = 10
[24-Feb-2023 23:31:10 Europe/Berlin] Inicia App
[24-Feb-2023 23:31:10 Europe/Berlin] title: tu vieja samuari
[24-Feb-2023 23:31:10 Europe/Berlin] diego2
[24-Feb-2023 23:31:10 Europe/Berlin] $2y$10$ooK2DDUd97/Kd5WxBIRwwu.8BUmc.rKmCY4r1w9.GMnLCL2E9enOm
[24-Feb-2023 23:31:10 Europe/Berlin] title: aqui con la bandida de lesly 
[24-Feb-2023 23:31:10 Europe/Berlin] diego
[24-Feb-2023 23:31:10 Europe/Berlin] $2y$10$97DKVHkr5VcofbBYs/Yn/ONstKh0nmxmrCxsM0XzbxlSzJU5FkJsu
[24-Feb-2023 23:31:10 Europe/Berlin] title: pepeloni
[24-Feb-2023 23:31:10 Europe/Berlin] diego
[24-Feb-2023 23:31:10 Europe/Berlin] $2y$10$97DKVHkr5VcofbBYs/Yn/ONstKh0nmxmrCxsM0XzbxlSzJU5FkJsu
[24-Feb-2023 23:31:10 Europe/Berlin] title: aaaa
[24-Feb-2023 23:31:10 Europe/Berlin] diego
[24-Feb-2023 23:31:10 Europe/Berlin] $2y$10$97DKVHkr5VcofbBYs/Yn/ONstKh0nmxmrCxsM0XzbxlSzJU5FkJsu
[24-Feb-2023 23:32:47 Europe/Berlin] Inicia App
[24-Feb-2023 23:32:47 Europe/Berlin] title: tu vieja samuari
[24-Feb-2023 23:32:47 Europe/Berlin] diego2
[24-Feb-2023 23:32:47 Europe/Berlin] $2y$10$ooK2DDUd97/Kd5WxBIRwwu.8BUmc.rKmCY4r1w9.GMnLCL2E9enOm
[24-Feb-2023 23:32:47 Europe/Berlin] title: aqui con la bandida de lesly 
[24-Feb-2023 23:32:47 Europe/Berlin] diego
[24-Feb-2023 23:32:47 Europe/Berlin] $2y$10$97DKVHkr5VcofbBYs/Yn/ONstKh0nmxmrCxsM0XzbxlSzJU5FkJsu
[24-Feb-2023 23:32:47 Europe/Berlin] title: pepeloni
[24-Feb-2023 23:32:47 Europe/Berlin] diego
[24-Feb-2023 23:32:47 Europe/Berlin] $2y$10$97DKVHkr5VcofbBYs/Yn/ONstKh0nmxmrCxsM0XzbxlSzJU5FkJsu
[24-Feb-2023 23:32:47 Europe/Berlin] title: aaaa
[24-Feb-2023 23:32:47 Europe/Berlin] diego
[24-Feb-2023 23:32:47 Europe/Berlin] $2y$10$97DKVHkr5VcofbBYs/Yn/ONstKh0nmxmrCxsM0XzbxlSzJU5FkJsu
[24-Feb-2023 23:34:36 Europe/Berlin] Inicia App
[24-Feb-2023 23:34:36 Europe/Berlin] title: tu vieja samuari
[24-Feb-2023 23:34:36 Europe/Berlin] diego2
[24-Feb-2023 23:34:36 Europe/Berlin] $2y$10$ooK2DDUd97/Kd5WxBIRwwu.8BUmc.rKmCY4r1w9.GMnLCL2E9enOm
[24-Feb-2023 23:34:36 Europe/Berlin] title: aqui con la bandida de lesly 
[24-Feb-2023 23:34:36 Europe/Berlin] diego
[24-Feb-2023 23:34:36 Europe/Berlin] $2y$10$97DKVHkr5VcofbBYs/Yn/ONstKh0nmxmrCxsM0XzbxlSzJU5FkJsu
[24-Feb-2023 23:34:36 Europe/Berlin] title: pepeloni
[24-Feb-2023 23:34:36 Europe/Berlin] diego
[24-Feb-2023 23:34:36 Europe/Berlin] $2y$10$97DKVHkr5VcofbBYs/Yn/ONstKh0nmxmrCxsM0XzbxlSzJU5FkJsu
[24-Feb-2023 23:34:36 Europe/Berlin] title: aaaa
[24-Feb-2023 23:34:36 Europe/Berlin] diego
[24-Feb-2023 23:34:36 Europe/Berlin] $2y$10$97DKVHkr5VcofbBYs/Yn/ONstKh0nmxmrCxsM0XzbxlSzJU5FkJsu
[24-Feb-2023 23:35:27 Europe/Berlin] Inicia App
[24-Feb-2023 23:35:27 Europe/Berlin] title: tu vieja samuari
[24-Feb-2023 23:35:27 Europe/Berlin] diego2
[24-Feb-2023 23:35:27 Europe/Berlin] $2y$10$ooK2DDUd97/Kd5WxBIRwwu.8BUmc.rKmCY4r1w9.GMnLCL2E9enOm
[24-Feb-2023 23:35:27 Europe/Berlin] title: aqui con la bandida de lesly 
[24-Feb-2023 23:35:27 Europe/Berlin] diego
[24-Feb-2023 23:35:27 Europe/Berlin] $2y$10$97DKVHkr5VcofbBYs/Yn/ONstKh0nmxmrCxsM0XzbxlSzJU5FkJsu
[24-Feb-2023 23:35:27 Europe/Berlin] title: pepeloni
[24-Feb-2023 23:35:27 Europe/Berlin] diego
[24-Feb-2023 23:35:27 Europe/Berlin] $2y$10$97DKVHkr5VcofbBYs/Yn/ONstKh0nmxmrCxsM0XzbxlSzJU5FkJsu
[24-Feb-2023 23:35:27 Europe/Berlin] title: aaaa
[24-Feb-2023 23:35:27 Europe/Berlin] diego
[24-Feb-2023 23:35:27 Europe/Berlin] $2y$10$97DKVHkr5VcofbBYs/Yn/ONstKh0nmxmrCxsM0XzbxlSzJU5FkJsu
[24-Feb-2023 23:35:28 Europe/Berlin] Inicia App
[24-Feb-2023 23:35:28 Europe/Berlin] title: tu vieja samuari
[24-Feb-2023 23:35:28 Europe/Berlin] diego2
[24-Feb-2023 23:35:28 Europe/Berlin] $2y$10$ooK2DDUd97/Kd5WxBIRwwu.8BUmc.rKmCY4r1w9.GMnLCL2E9enOm
[24-Feb-2023 23:35:28 Europe/Berlin] title: aqui con la bandida de lesly 
[24-Feb-2023 23:35:28 Europe/Berlin] diego
[24-Feb-2023 23:35:28 Europe/Berlin] $2y$10$97DKVHkr5VcofbBYs/Yn/ONstKh0nmxmrCxsM0XzbxlSzJU5FkJsu
[24-Feb-2023 23:35:28 Europe/Berlin] title: pepeloni
[24-Feb-2023 23:35:28 Europe/Berlin] diego
[24-Feb-2023 23:35:28 Europe/Berlin] $2y$10$97DKVHkr5VcofbBYs/Yn/ONstKh0nmxmrCxsM0XzbxlSzJU5FkJsu
[24-Feb-2023 23:35:28 Europe/Berlin] title: aaaa
[24-Feb-2023 23:35:29 Europe/Berlin] diego
[24-Feb-2023 23:35:29 Europe/Berlin] $2y$10$97DKVHkr5VcofbBYs/Yn/ONstKh0nmxmrCxsM0XzbxlSzJU5FkJsu
[24-Feb-2023 23:35:47 Europe/Berlin] Inicia App
[24-Feb-2023 23:35:47 Europe/Berlin] title: tu vieja samuari
[24-Feb-2023 23:35:47 Europe/Berlin] diego2
[24-Feb-2023 23:35:47 Europe/Berlin] $2y$10$ooK2DDUd97/Kd5WxBIRwwu.8BUmc.rKmCY4r1w9.GMnLCL2E9enOm
[24-Feb-2023 23:35:47 Europe/Berlin] title: aqui con la bandida de lesly 
[24-Feb-2023 23:35:47 Europe/Berlin] diego
[24-Feb-2023 23:35:47 Europe/Berlin] $2y$10$97DKVHkr5VcofbBYs/Yn/ONstKh0nmxmrCxsM0XzbxlSzJU5FkJsu
[24-Feb-2023 23:35:47 Europe/Berlin] title: pepeloni
[24-Feb-2023 23:35:47 Europe/Berlin] diego
[24-Feb-2023 23:35:47 Europe/Berlin] $2y$10$97DKVHkr5VcofbBYs/Yn/ONstKh0nmxmrCxsM0XzbxlSzJU5FkJsu
[24-Feb-2023 23:35:47 Europe/Berlin] title: aaaa
[24-Feb-2023 23:35:47 Europe/Berlin] diego
[24-Feb-2023 23:35:47 Europe/Berlin] $2y$10$97DKVHkr5VcofbBYs/Yn/ONstKh0nmxmrCxsM0XzbxlSzJU5FkJsu
[24-Feb-2023 23:36:01 Europe/Berlin] Inicia App
[24-Feb-2023 23:36:01 Europe/Berlin] title: tu vieja samuari
[24-Feb-2023 23:36:01 Europe/Berlin] diego2
[24-Feb-2023 23:36:01 Europe/Berlin] $2y$10$ooK2DDUd97/Kd5WxBIRwwu.8BUmc.rKmCY4r1w9.GMnLCL2E9enOm
[24-Feb-2023 23:36:01 Europe/Berlin] title: aqui con la bandida de lesly 
[24-Feb-2023 23:36:01 Europe/Berlin] diego
[24-Feb-2023 23:36:01 Europe/Berlin] $2y$10$97DKVHkr5VcofbBYs/Yn/ONstKh0nmxmrCxsM0XzbxlSzJU5FkJsu
[24-Feb-2023 23:36:01 Europe/Berlin] title: pepeloni
[24-Feb-2023 23:36:01 Europe/Berlin] diego
[24-Feb-2023 23:36:01 Europe/Berlin] $2y$10$97DKVHkr5VcofbBYs/Yn/ONstKh0nmxmrCxsM0XzbxlSzJU5FkJsu
[24-Feb-2023 23:36:01 Europe/Berlin] title: aaaa
[24-Feb-2023 23:36:01 Europe/Berlin] diego
[24-Feb-2023 23:36:01 Europe/Berlin] $2y$10$97DKVHkr5VcofbBYs/Yn/ONstKh0nmxmrCxsM0XzbxlSzJU5FkJsu
[24-Feb-2023 23:36:08 Europe/Berlin] Inicia App
[24-Feb-2023 23:36:08 Europe/Berlin] title: tu vieja samuari
[24-Feb-2023 23:36:08 Europe/Berlin] diego2
[24-Feb-2023 23:36:08 Europe/Berlin] $2y$10$ooK2DDUd97/Kd5WxBIRwwu.8BUmc.rKmCY4r1w9.GMnLCL2E9enOm
[24-Feb-2023 23:36:08 Europe/Berlin] title: aqui con la bandida de lesly 
[24-Feb-2023 23:36:08 Europe/Berlin] diego
[24-Feb-2023 23:36:08 Europe/Berlin] $2y$10$97DKVHkr5VcofbBYs/Yn/ONstKh0nmxmrCxsM0XzbxlSzJU5FkJsu
[24-Feb-2023 23:36:08 Europe/Berlin] title: pepeloni
[24-Feb-2023 23:36:08 Europe/Berlin] diego
[24-Feb-2023 23:36:08 Europe/Berlin] $2y$10$97DKVHkr5VcofbBYs/Yn/ONstKh0nmxmrCxsM0XzbxlSzJU5FkJsu
[24-Feb-2023 23:36:08 Europe/Berlin] title: aaaa
[24-Feb-2023 23:36:08 Europe/Berlin] diego
[24-Feb-2023 23:36:08 Europe/Berlin] $2y$10$97DKVHkr5VcofbBYs/Yn/ONstKh0nmxmrCxsM0XzbxlSzJU5FkJsu
[24-Feb-2023 23:36:17 Europe/Berlin] Inicia App
[24-Feb-2023 23:36:17 Europe/Berlin] title: tu vieja samuari
[24-Feb-2023 23:36:17 Europe/Berlin] diego2
[24-Feb-2023 23:36:17 Europe/Berlin] $2y$10$ooK2DDUd97/Kd5WxBIRwwu.8BUmc.rKmCY4r1w9.GMnLCL2E9enOm
[24-Feb-2023 23:36:17 Europe/Berlin] title: aqui con la bandida de lesly 
[24-Feb-2023 23:36:17 Europe/Berlin] diego
[24-Feb-2023 23:36:17 Europe/Berlin] $2y$10$97DKVHkr5VcofbBYs/Yn/ONstKh0nmxmrCxsM0XzbxlSzJU5FkJsu
[24-Feb-2023 23:36:17 Europe/Berlin] title: pepeloni
[24-Feb-2023 23:36:17 Europe/Berlin] diego
[24-Feb-2023 23:36:17 Europe/Berlin] $2y$10$97DKVHkr5VcofbBYs/Yn/ONstKh0nmxmrCxsM0XzbxlSzJU5FkJsu
[24-Feb-2023 23:36:17 Europe/Berlin] title: aaaa
[24-Feb-2023 23:36:17 Europe/Berlin] diego
[24-Feb-2023 23:36:17 Europe/Berlin] $2y$10$97DKVHkr5VcofbBYs/Yn/ONstKh0nmxmrCxsM0XzbxlSzJU5FkJsu
[24-Feb-2023 23:36:34 Europe/Berlin] Inicia App
[24-Feb-2023 23:36:34 Europe/Berlin] title: tu vieja samuari
[24-Feb-2023 23:36:34 Europe/Berlin] diego2
[24-Feb-2023 23:36:34 Europe/Berlin] $2y$10$ooK2DDUd97/Kd5WxBIRwwu.8BUmc.rKmCY4r1w9.GMnLCL2E9enOm
[24-Feb-2023 23:36:34 Europe/Berlin] title: aqui con la bandida de lesly 
[24-Feb-2023 23:36:34 Europe/Berlin] diego
[24-Feb-2023 23:36:34 Europe/Berlin] $2y$10$97DKVHkr5VcofbBYs/Yn/ONstKh0nmxmrCxsM0XzbxlSzJU5FkJsu
[24-Feb-2023 23:36:34 Europe/Berlin] title: pepeloni
[24-Feb-2023 23:36:34 Europe/Berlin] diego
[24-Feb-2023 23:36:34 Europe/Berlin] $2y$10$97DKVHkr5VcofbBYs/Yn/ONstKh0nmxmrCxsM0XzbxlSzJU5FkJsu
[24-Feb-2023 23:36:34 Europe/Berlin] title: aaaa
[24-Feb-2023 23:36:34 Europe/Berlin] diego
[24-Feb-2023 23:36:34 Europe/Berlin] $2y$10$97DKVHkr5VcofbBYs/Yn/ONstKh0nmxmrCxsM0XzbxlSzJU5FkJsu
[24-Feb-2023 23:36:47 Europe/Berlin] Inicia App
[24-Feb-2023 23:36:47 Europe/Berlin] title: tu vieja samuari
[24-Feb-2023 23:36:47 Europe/Berlin] diego2
[24-Feb-2023 23:36:47 Europe/Berlin] $2y$10$ooK2DDUd97/Kd5WxBIRwwu.8BUmc.rKmCY4r1w9.GMnLCL2E9enOm
[24-Feb-2023 23:36:47 Europe/Berlin] title: aqui con la bandida de lesly 
[24-Feb-2023 23:36:47 Europe/Berlin] diego
[24-Feb-2023 23:36:47 Europe/Berlin] $2y$10$97DKVHkr5VcofbBYs/Yn/ONstKh0nmxmrCxsM0XzbxlSzJU5FkJsu
[24-Feb-2023 23:36:47 Europe/Berlin] title: pepeloni
[24-Feb-2023 23:36:47 Europe/Berlin] diego
[24-Feb-2023 23:36:47 Europe/Berlin] $2y$10$97DKVHkr5VcofbBYs/Yn/ONstKh0nmxmrCxsM0XzbxlSzJU5FkJsu
[24-Feb-2023 23:36:47 Europe/Berlin] title: aaaa
[24-Feb-2023 23:36:47 Europe/Berlin] diego
[24-Feb-2023 23:36:47 Europe/Berlin] $2y$10$97DKVHkr5VcofbBYs/Yn/ONstKh0nmxmrCxsM0XzbxlSzJU5FkJsu
[24-Feb-2023 23:37:40 Europe/Berlin] Inicia App
[24-Feb-2023 23:37:40 Europe/Berlin] title: tu vieja samuari
[24-Feb-2023 23:37:40 Europe/Berlin] diego2
[24-Feb-2023 23:37:40 Europe/Berlin] $2y$10$ooK2DDUd97/Kd5WxBIRwwu.8BUmc.rKmCY4r1w9.GMnLCL2E9enOm
[24-Feb-2023 23:37:40 Europe/Berlin] title: aqui con la bandida de lesly 
[24-Feb-2023 23:37:40 Europe/Berlin] diego
[24-Feb-2023 23:37:40 Europe/Berlin] $2y$10$97DKVHkr5VcofbBYs/Yn/ONstKh0nmxmrCxsM0XzbxlSzJU5FkJsu
[24-Feb-2023 23:37:40 Europe/Berlin] title: pepeloni
[24-Feb-2023 23:37:40 Europe/Berlin] diego
[24-Feb-2023 23:37:40 Europe/Berlin] $2y$10$97DKVHkr5VcofbBYs/Yn/ONstKh0nmxmrCxsM0XzbxlSzJU5FkJsu
[24-Feb-2023 23:37:40 Europe/Berlin] title: aaaa
[24-Feb-2023 23:37:40 Europe/Berlin] diego
[24-Feb-2023 23:37:40 Europe/Berlin] $2y$10$97DKVHkr5VcofbBYs/Yn/ONstKh0nmxmrCxsM0XzbxlSzJU5FkJsu
[24-Feb-2023 23:38:23 Europe/Berlin] Inicia App
[24-Feb-2023 23:38:23 Europe/Berlin] title: tu vieja samuari
[24-Feb-2023 23:38:23 Europe/Berlin] diego2
[24-Feb-2023 23:38:23 Europe/Berlin] $2y$10$ooK2DDUd97/Kd5WxBIRwwu.8BUmc.rKmCY4r1w9.GMnLCL2E9enOm
[24-Feb-2023 23:38:23 Europe/Berlin] title: aqui con la bandida de lesly 
[24-Feb-2023 23:38:23 Europe/Berlin] diego
[24-Feb-2023 23:38:23 Europe/Berlin] $2y$10$97DKVHkr5VcofbBYs/Yn/ONstKh0nmxmrCxsM0XzbxlSzJU5FkJsu
[24-Feb-2023 23:38:23 Europe/Berlin] title: pepeloni
[24-Feb-2023 23:38:23 Europe/Berlin] diego
[24-Feb-2023 23:38:23 Europe/Berlin] $2y$10$97DKVHkr5VcofbBYs/Yn/ONstKh0nmxmrCxsM0XzbxlSzJU5FkJsu
[24-Feb-2023 23:38:23 Europe/Berlin] title: aaaa
[24-Feb-2023 23:38:23 Europe/Berlin] diego
[24-Feb-2023 23:38:23 Europe/Berlin] $2y$10$97DKVHkr5VcofbBYs/Yn/ONstKh0nmxmrCxsM0XzbxlSzJU5FkJsu
[24-Feb-2023 23:38:29 Europe/Berlin] Inicia App
[24-Feb-2023 23:38:29 Europe/Berlin] title: tu vieja samuari
[24-Feb-2023 23:38:29 Europe/Berlin] diego2
[24-Feb-2023 23:38:29 Europe/Berlin] $2y$10$ooK2DDUd97/Kd5WxBIRwwu.8BUmc.rKmCY4r1w9.GMnLCL2E9enOm
[24-Feb-2023 23:38:29 Europe/Berlin] title: aqui con la bandida de lesly 
[24-Feb-2023 23:38:29 Europe/Berlin] diego
[24-Feb-2023 23:38:29 Europe/Berlin] $2y$10$97DKVHkr5VcofbBYs/Yn/ONstKh0nmxmrCxsM0XzbxlSzJU5FkJsu
[24-Feb-2023 23:38:29 Europe/Berlin] title: pepeloni
[24-Feb-2023 23:38:29 Europe/Berlin] diego
[24-Feb-2023 23:38:29 Europe/Berlin] $2y$10$97DKVHkr5VcofbBYs/Yn/ONstKh0nmxmrCxsM0XzbxlSzJU5FkJsu
[24-Feb-2023 23:38:29 Europe/Berlin] title: aaaa
[24-Feb-2023 23:38:29 Europe/Berlin] diego
[24-Feb-2023 23:38:29 Europe/Berlin] $2y$10$97DKVHkr5VcofbBYs/Yn/ONstKh0nmxmrCxsM0XzbxlSzJU5FkJsu
[24-Feb-2023 23:38:33 Europe/Berlin] Inicia App
[24-Feb-2023 23:38:33 Europe/Berlin] title: tu vieja samuari
[24-Feb-2023 23:38:33 Europe/Berlin] diego2
[24-Feb-2023 23:38:33 Europe/Berlin] $2y$10$ooK2DDUd97/Kd5WxBIRwwu.8BUmc.rKmCY4r1w9.GMnLCL2E9enOm
[24-Feb-2023 23:38:33 Europe/Berlin] title: aqui con la bandida de lesly 
[24-Feb-2023 23:38:33 Europe/Berlin] diego
[24-Feb-2023 23:38:33 Europe/Berlin] $2y$10$97DKVHkr5VcofbBYs/Yn/ONstKh0nmxmrCxsM0XzbxlSzJU5FkJsu
[24-Feb-2023 23:38:33 Europe/Berlin] title: pepeloni
[24-Feb-2023 23:38:33 Europe/Berlin] diego
[24-Feb-2023 23:38:33 Europe/Berlin] $2y$10$97DKVHkr5VcofbBYs/Yn/ONstKh0nmxmrCxsM0XzbxlSzJU5FkJsu
[24-Feb-2023 23:38:33 Europe/Berlin] title: aaaa
[24-Feb-2023 23:38:33 Europe/Berlin] diego
[24-Feb-2023 23:38:33 Europe/Berlin] $2y$10$97DKVHkr5VcofbBYs/Yn/ONstKh0nmxmrCxsM0XzbxlSzJU5FkJsu
[24-Feb-2023 23:38:42 Europe/Berlin] Inicia App
[24-Feb-2023 23:38:42 Europe/Berlin] title: tu vieja samuari
[24-Feb-2023 23:38:42 Europe/Berlin] diego2
[24-Feb-2023 23:38:42 Europe/Berlin] $2y$10$ooK2DDUd97/Kd5WxBIRwwu.8BUmc.rKmCY4r1w9.GMnLCL2E9enOm
[24-Feb-2023 23:38:42 Europe/Berlin] title: aqui con la bandida de lesly 
[24-Feb-2023 23:38:42 Europe/Berlin] diego
[24-Feb-2023 23:38:42 Europe/Berlin] $2y$10$97DKVHkr5VcofbBYs/Yn/ONstKh0nmxmrCxsM0XzbxlSzJU5FkJsu
[24-Feb-2023 23:38:42 Europe/Berlin] title: pepeloni
[24-Feb-2023 23:38:42 Europe/Berlin] diego
[24-Feb-2023 23:38:42 Europe/Berlin] $2y$10$97DKVHkr5VcofbBYs/Yn/ONstKh0nmxmrCxsM0XzbxlSzJU5FkJsu
[24-Feb-2023 23:38:42 Europe/Berlin] title: aaaa
[24-Feb-2023 23:38:42 Europe/Berlin] diego
[24-Feb-2023 23:38:42 Europe/Berlin] $2y$10$97DKVHkr5VcofbBYs/Yn/ONstKh0nmxmrCxsM0XzbxlSzJU5FkJsu
[24-Feb-2023 23:39:12 Europe/Berlin] Inicia App
[24-Feb-2023 23:39:12 Europe/Berlin] title: tu vieja samuari
[24-Feb-2023 23:39:12 Europe/Berlin] diego2
[24-Feb-2023 23:39:12 Europe/Berlin] $2y$10$ooK2DDUd97/Kd5WxBIRwwu.8BUmc.rKmCY4r1w9.GMnLCL2E9enOm
[24-Feb-2023 23:39:12 Europe/Berlin] title: aqui con la bandida de lesly 
[24-Feb-2023 23:39:12 Europe/Berlin] diego
[24-Feb-2023 23:39:12 Europe/Berlin] $2y$10$97DKVHkr5VcofbBYs/Yn/ONstKh0nmxmrCxsM0XzbxlSzJU5FkJsu
[24-Feb-2023 23:39:12 Europe/Berlin] title: pepeloni
[24-Feb-2023 23:39:13 Europe/Berlin] diego
[24-Feb-2023 23:39:13 Europe/Berlin] $2y$10$97DKVHkr5VcofbBYs/Yn/ONstKh0nmxmrCxsM0XzbxlSzJU5FkJsu
[24-Feb-2023 23:39:13 Europe/Berlin] title: aaaa
[24-Feb-2023 23:39:13 Europe/Berlin] diego
[24-Feb-2023 23:39:13 Europe/Berlin] $2y$10$97DKVHkr5VcofbBYs/Yn/ONstKh0nmxmrCxsM0XzbxlSzJU5FkJsu
[24-Feb-2023 23:39:19 Europe/Berlin] Inicia App
[24-Feb-2023 23:39:19 Europe/Berlin] title: tu vieja samuari
[24-Feb-2023 23:39:19 Europe/Berlin] diego2
[24-Feb-2023 23:39:19 Europe/Berlin] $2y$10$ooK2DDUd97/Kd5WxBIRwwu.8BUmc.rKmCY4r1w9.GMnLCL2E9enOm
[24-Feb-2023 23:39:19 Europe/Berlin] title: aqui con la bandida de lesly 
[24-Feb-2023 23:39:19 Europe/Berlin] diego
[24-Feb-2023 23:39:19 Europe/Berlin] $2y$10$97DKVHkr5VcofbBYs/Yn/ONstKh0nmxmrCxsM0XzbxlSzJU5FkJsu
[24-Feb-2023 23:39:19 Europe/Berlin] title: pepeloni
[24-Feb-2023 23:39:19 Europe/Berlin] diego
[24-Feb-2023 23:39:19 Europe/Berlin] $2y$10$97DKVHkr5VcofbBYs/Yn/ONstKh0nmxmrCxsM0XzbxlSzJU5FkJsu
[24-Feb-2023 23:39:19 Europe/Berlin] title: aaaa
[24-Feb-2023 23:39:19 Europe/Berlin] diego
[24-Feb-2023 23:39:19 Europe/Berlin] $2y$10$97DKVHkr5VcofbBYs/Yn/ONstKh0nmxmrCxsM0XzbxlSzJU5FkJsu
[24-Feb-2023 23:39:28 Europe/Berlin] Inicia App
[24-Feb-2023 23:39:28 Europe/Berlin] title: tu vieja samuari
[24-Feb-2023 23:39:28 Europe/Berlin] diego2
[24-Feb-2023 23:39:28 Europe/Berlin] $2y$10$ooK2DDUd97/Kd5WxBIRwwu.8BUmc.rKmCY4r1w9.GMnLCL2E9enOm
[24-Feb-2023 23:39:28 Europe/Berlin] title: aqui con la bandida de lesly 
[24-Feb-2023 23:39:28 Europe/Berlin] diego
[24-Feb-2023 23:39:28 Europe/Berlin] $2y$10$97DKVHkr5VcofbBYs/Yn/ONstKh0nmxmrCxsM0XzbxlSzJU5FkJsu
[24-Feb-2023 23:39:28 Europe/Berlin] title: pepeloni
[24-Feb-2023 23:39:28 Europe/Berlin] diego
[24-Feb-2023 23:39:28 Europe/Berlin] $2y$10$97DKVHkr5VcofbBYs/Yn/ONstKh0nmxmrCxsM0XzbxlSzJU5FkJsu
[24-Feb-2023 23:39:28 Europe/Berlin] title: aaaa
[24-Feb-2023 23:39:28 Europe/Berlin] diego
[24-Feb-2023 23:39:28 Europe/Berlin] $2y$10$97DKVHkr5VcofbBYs/Yn/ONstKh0nmxmrCxsM0XzbxlSzJU5FkJsu
[24-Feb-2023 23:40:33 Europe/Berlin] Inicia App
[24-Feb-2023 23:40:33 Europe/Berlin] title: tu vieja samuari
[24-Feb-2023 23:40:33 Europe/Berlin] diego2
[24-Feb-2023 23:40:33 Europe/Berlin] $2y$10$ooK2DDUd97/Kd5WxBIRwwu.8BUmc.rKmCY4r1w9.GMnLCL2E9enOm
[24-Feb-2023 23:40:33 Europe/Berlin] title: aqui con la bandida de lesly 
[24-Feb-2023 23:40:33 Europe/Berlin] diego
[24-Feb-2023 23:40:33 Europe/Berlin] $2y$10$97DKVHkr5VcofbBYs/Yn/ONstKh0nmxmrCxsM0XzbxlSzJU5FkJsu
[24-Feb-2023 23:40:33 Europe/Berlin] title: pepeloni
[24-Feb-2023 23:40:33 Europe/Berlin] diego
[24-Feb-2023 23:40:33 Europe/Berlin] $2y$10$97DKVHkr5VcofbBYs/Yn/ONstKh0nmxmrCxsM0XzbxlSzJU5FkJsu
[24-Feb-2023 23:40:33 Europe/Berlin] title: aaaa
[24-Feb-2023 23:40:33 Europe/Berlin] diego
[24-Feb-2023 23:40:33 Europe/Berlin] $2y$10$97DKVHkr5VcofbBYs/Yn/ONstKh0nmxmrCxsM0XzbxlSzJU5FkJsu
[24-Feb-2023 23:41:22 Europe/Berlin] Inicia App
[24-Feb-2023 23:41:22 Europe/Berlin] title: tu vieja samuari
[24-Feb-2023 23:41:22 Europe/Berlin] diego2
[24-Feb-2023 23:41:22 Europe/Berlin] $2y$10$ooK2DDUd97/Kd5WxBIRwwu.8BUmc.rKmCY4r1w9.GMnLCL2E9enOm
[24-Feb-2023 23:41:22 Europe/Berlin] title: aqui con la bandida de lesly 
[24-Feb-2023 23:41:22 Europe/Berlin] diego
[24-Feb-2023 23:41:22 Europe/Berlin] $2y$10$97DKVHkr5VcofbBYs/Yn/ONstKh0nmxmrCxsM0XzbxlSzJU5FkJsu
[24-Feb-2023 23:41:22 Europe/Berlin] title: pepeloni
[24-Feb-2023 23:41:22 Europe/Berlin] diego
[24-Feb-2023 23:41:22 Europe/Berlin] $2y$10$97DKVHkr5VcofbBYs/Yn/ONstKh0nmxmrCxsM0XzbxlSzJU5FkJsu
[24-Feb-2023 23:41:22 Europe/Berlin] title: aaaa
[24-Feb-2023 23:41:22 Europe/Berlin] diego
[24-Feb-2023 23:41:22 Europe/Berlin] $2y$10$97DKVHkr5VcofbBYs/Yn/ONstKh0nmxmrCxsM0XzbxlSzJU5FkJsu
[24-Feb-2023 23:41:29 Europe/Berlin] Inicia App
[24-Feb-2023 23:41:29 Europe/Berlin] title: tu vieja samuari
[24-Feb-2023 23:41:29 Europe/Berlin] diego2
[24-Feb-2023 23:41:29 Europe/Berlin] $2y$10$ooK2DDUd97/Kd5WxBIRwwu.8BUmc.rKmCY4r1w9.GMnLCL2E9enOm
[24-Feb-2023 23:41:29 Europe/Berlin] title: aqui con la bandida de lesly 
[24-Feb-2023 23:41:29 Europe/Berlin] diego
[24-Feb-2023 23:41:29 Europe/Berlin] $2y$10$97DKVHkr5VcofbBYs/Yn/ONstKh0nmxmrCxsM0XzbxlSzJU5FkJsu
[24-Feb-2023 23:41:29 Europe/Berlin] title: pepeloni
[24-Feb-2023 23:41:29 Europe/Berlin] diego
[24-Feb-2023 23:41:29 Europe/Berlin] $2y$10$97DKVHkr5VcofbBYs/Yn/ONstKh0nmxmrCxsM0XzbxlSzJU5FkJsu
[24-Feb-2023 23:41:29 Europe/Berlin] title: aaaa
[24-Feb-2023 23:41:29 Europe/Berlin] diego
[24-Feb-2023 23:41:29 Europe/Berlin] $2y$10$97DKVHkr5VcofbBYs/Yn/ONstKh0nmxmrCxsM0XzbxlSzJU5FkJsu
[24-Feb-2023 23:41:56 Europe/Berlin] Inicia App
[24-Feb-2023 23:41:56 Europe/Berlin] title: tu vieja samuari
[24-Feb-2023 23:41:56 Europe/Berlin] diego2
[24-Feb-2023 23:41:56 Europe/Berlin] $2y$10$ooK2DDUd97/Kd5WxBIRwwu.8BUmc.rKmCY4r1w9.GMnLCL2E9enOm
[24-Feb-2023 23:41:56 Europe/Berlin] title: aqui con la bandida de lesly 
[24-Feb-2023 23:41:56 Europe/Berlin] diego
[24-Feb-2023 23:41:56 Europe/Berlin] $2y$10$97DKVHkr5VcofbBYs/Yn/ONstKh0nmxmrCxsM0XzbxlSzJU5FkJsu
[24-Feb-2023 23:41:56 Europe/Berlin] title: pepeloni
[24-Feb-2023 23:41:56 Europe/Berlin] diego
[24-Feb-2023 23:41:56 Europe/Berlin] $2y$10$97DKVHkr5VcofbBYs/Yn/ONstKh0nmxmrCxsM0XzbxlSzJU5FkJsu
[24-Feb-2023 23:41:56 Europe/Berlin] title: aaaa
[24-Feb-2023 23:41:56 Europe/Berlin] diego
[24-Feb-2023 23:41:56 Europe/Berlin] $2y$10$97DKVHkr5VcofbBYs/Yn/ONstKh0nmxmrCxsM0XzbxlSzJU5FkJsu
[24-Feb-2023 23:42:00 Europe/Berlin] Inicia App
[24-Feb-2023 23:42:01 Europe/Berlin] title: tu vieja samuari
[24-Feb-2023 23:42:01 Europe/Berlin] diego2
[24-Feb-2023 23:42:01 Europe/Berlin] $2y$10$ooK2DDUd97/Kd5WxBIRwwu.8BUmc.rKmCY4r1w9.GMnLCL2E9enOm
[24-Feb-2023 23:42:01 Europe/Berlin] title: aqui con la bandida de lesly 
[24-Feb-2023 23:42:01 Europe/Berlin] diego
[24-Feb-2023 23:42:01 Europe/Berlin] $2y$10$97DKVHkr5VcofbBYs/Yn/ONstKh0nmxmrCxsM0XzbxlSzJU5FkJsu
[24-Feb-2023 23:42:01 Europe/Berlin] title: pepeloni
[24-Feb-2023 23:42:01 Europe/Berlin] diego
[24-Feb-2023 23:42:01 Europe/Berlin] $2y$10$97DKVHkr5VcofbBYs/Yn/ONstKh0nmxmrCxsM0XzbxlSzJU5FkJsu
[24-Feb-2023 23:42:01 Europe/Berlin] title: aaaa
[24-Feb-2023 23:42:01 Europe/Berlin] diego
[24-Feb-2023 23:42:01 Europe/Berlin] $2y$10$97DKVHkr5VcofbBYs/Yn/ONstKh0nmxmrCxsM0XzbxlSzJU5FkJsu
[24-Feb-2023 23:42:02 Europe/Berlin] Inicia App
[24-Feb-2023 23:42:02 Europe/Berlin] title: tu vieja samuari
[24-Feb-2023 23:42:02 Europe/Berlin] diego2
[24-Feb-2023 23:42:02 Europe/Berlin] $2y$10$ooK2DDUd97/Kd5WxBIRwwu.8BUmc.rKmCY4r1w9.GMnLCL2E9enOm
[24-Feb-2023 23:42:02 Europe/Berlin] title: aqui con la bandida de lesly 
[24-Feb-2023 23:42:02 Europe/Berlin] diego
[24-Feb-2023 23:42:02 Europe/Berlin] $2y$10$97DKVHkr5VcofbBYs/Yn/ONstKh0nmxmrCxsM0XzbxlSzJU5FkJsu
[24-Feb-2023 23:42:02 Europe/Berlin] title: pepeloni
[24-Feb-2023 23:42:02 Europe/Berlin] diego
[24-Feb-2023 23:42:02 Europe/Berlin] $2y$10$97DKVHkr5VcofbBYs/Yn/ONstKh0nmxmrCxsM0XzbxlSzJU5FkJsu
[24-Feb-2023 23:42:02 Europe/Berlin] title: aaaa
[24-Feb-2023 23:42:02 Europe/Berlin] diego
[24-Feb-2023 23:42:02 Europe/Berlin] $2y$10$97DKVHkr5VcofbBYs/Yn/ONstKh0nmxmrCxsM0XzbxlSzJU5FkJsu
[24-Feb-2023 23:42:50 Europe/Berlin] Inicia App
[24-Feb-2023 23:42:50 Europe/Berlin] title: tu vieja samuari
[24-Feb-2023 23:42:50 Europe/Berlin] diego2
[24-Feb-2023 23:42:50 Europe/Berlin] $2y$10$ooK2DDUd97/Kd5WxBIRwwu.8BUmc.rKmCY4r1w9.GMnLCL2E9enOm
[24-Feb-2023 23:42:50 Europe/Berlin] title: aqui con la bandida de lesly 
[24-Feb-2023 23:42:50 Europe/Berlin] diego
[24-Feb-2023 23:42:50 Europe/Berlin] $2y$10$97DKVHkr5VcofbBYs/Yn/ONstKh0nmxmrCxsM0XzbxlSzJU5FkJsu
[24-Feb-2023 23:42:50 Europe/Berlin] title: pepeloni
[24-Feb-2023 23:42:50 Europe/Berlin] diego
[24-Feb-2023 23:42:50 Europe/Berlin] $2y$10$97DKVHkr5VcofbBYs/Yn/ONstKh0nmxmrCxsM0XzbxlSzJU5FkJsu
[24-Feb-2023 23:42:50 Europe/Berlin] title: aaaa
[24-Feb-2023 23:42:50 Europe/Berlin] diego
[24-Feb-2023 23:42:50 Europe/Berlin] $2y$10$97DKVHkr5VcofbBYs/Yn/ONstKh0nmxmrCxsM0XzbxlSzJU5FkJsu
[24-Feb-2023 23:42:58 Europe/Berlin] Inicia App
[24-Feb-2023 23:42:58 Europe/Berlin] title: tu vieja samuari
[24-Feb-2023 23:42:58 Europe/Berlin] diego2
[24-Feb-2023 23:42:58 Europe/Berlin] $2y$10$ooK2DDUd97/Kd5WxBIRwwu.8BUmc.rKmCY4r1w9.GMnLCL2E9enOm
[24-Feb-2023 23:42:58 Europe/Berlin] title: aqui con la bandida de lesly 
[24-Feb-2023 23:42:58 Europe/Berlin] diego
[24-Feb-2023 23:42:58 Europe/Berlin] $2y$10$97DKVHkr5VcofbBYs/Yn/ONstKh0nmxmrCxsM0XzbxlSzJU5FkJsu
[24-Feb-2023 23:42:58 Europe/Berlin] title: pepeloni
[24-Feb-2023 23:42:58 Europe/Berlin] diego
[24-Feb-2023 23:42:58 Europe/Berlin] $2y$10$97DKVHkr5VcofbBYs/Yn/ONstKh0nmxmrCxsM0XzbxlSzJU5FkJsu
[24-Feb-2023 23:42:58 Europe/Berlin] title: aaaa
[24-Feb-2023 23:42:58 Europe/Berlin] diego
[24-Feb-2023 23:42:58 Europe/Berlin] $2y$10$97DKVHkr5VcofbBYs/Yn/ONstKh0nmxmrCxsM0XzbxlSzJU5FkJsu
[24-Feb-2023 23:43:07 Europe/Berlin] Inicia App
[24-Feb-2023 23:43:07 Europe/Berlin] title: tu vieja samuari
[24-Feb-2023 23:43:07 Europe/Berlin] diego2
[24-Feb-2023 23:43:07 Europe/Berlin] $2y$10$ooK2DDUd97/Kd5WxBIRwwu.8BUmc.rKmCY4r1w9.GMnLCL2E9enOm
[24-Feb-2023 23:43:07 Europe/Berlin] title: aqui con la bandida de lesly 
[24-Feb-2023 23:43:07 Europe/Berlin] diego
[24-Feb-2023 23:43:07 Europe/Berlin] $2y$10$97DKVHkr5VcofbBYs/Yn/ONstKh0nmxmrCxsM0XzbxlSzJU5FkJsu
[24-Feb-2023 23:43:07 Europe/Berlin] title: pepeloni
[24-Feb-2023 23:43:07 Europe/Berlin] diego
[24-Feb-2023 23:43:07 Europe/Berlin] $2y$10$97DKVHkr5VcofbBYs/Yn/ONstKh0nmxmrCxsM0XzbxlSzJU5FkJsu
[24-Feb-2023 23:43:07 Europe/Berlin] title: aaaa
[24-Feb-2023 23:43:07 Europe/Berlin] diego
[24-Feb-2023 23:43:07 Europe/Berlin] $2y$10$97DKVHkr5VcofbBYs/Yn/ONstKh0nmxmrCxsM0XzbxlSzJU5FkJsu
[24-Feb-2023 23:43:25 Europe/Berlin] Inicia App
[24-Feb-2023 23:43:25 Europe/Berlin] title: tu vieja samuari
[24-Feb-2023 23:43:25 Europe/Berlin] diego2
[24-Feb-2023 23:43:25 Europe/Berlin] $2y$10$ooK2DDUd97/Kd5WxBIRwwu.8BUmc.rKmCY4r1w9.GMnLCL2E9enOm
[24-Feb-2023 23:43:25 Europe/Berlin] title: aqui con la bandida de lesly 
[24-Feb-2023 23:43:25 Europe/Berlin] diego
[24-Feb-2023 23:43:25 Europe/Berlin] $2y$10$97DKVHkr5VcofbBYs/Yn/ONstKh0nmxmrCxsM0XzbxlSzJU5FkJsu
[24-Feb-2023 23:43:25 Europe/Berlin] title: pepeloni
[24-Feb-2023 23:43:25 Europe/Berlin] diego
[24-Feb-2023 23:43:25 Europe/Berlin] $2y$10$97DKVHkr5VcofbBYs/Yn/ONstKh0nmxmrCxsM0XzbxlSzJU5FkJsu
[24-Feb-2023 23:43:25 Europe/Berlin] title: aaaa
[24-Feb-2023 23:43:25 Europe/Berlin] diego
[24-Feb-2023 23:43:25 Europe/Berlin] $2y$10$97DKVHkr5VcofbBYs/Yn/ONstKh0nmxmrCxsM0XzbxlSzJU5FkJsu
[24-Feb-2023 23:43:41 Europe/Berlin] Inicia App
[24-Feb-2023 23:43:41 Europe/Berlin] title: tu vieja samuari
[24-Feb-2023 23:43:41 Europe/Berlin] diego2
[24-Feb-2023 23:43:41 Europe/Berlin] $2y$10$ooK2DDUd97/Kd5WxBIRwwu.8BUmc.rKmCY4r1w9.GMnLCL2E9enOm
[24-Feb-2023 23:43:41 Europe/Berlin] title: aqui con la bandida de lesly 
[24-Feb-2023 23:43:41 Europe/Berlin] diego
[24-Feb-2023 23:43:41 Europe/Berlin] $2y$10$97DKVHkr5VcofbBYs/Yn/ONstKh0nmxmrCxsM0XzbxlSzJU5FkJsu
[24-Feb-2023 23:43:41 Europe/Berlin] title: pepeloni
[24-Feb-2023 23:43:41 Europe/Berlin] diego
[24-Feb-2023 23:43:41 Europe/Berlin] $2y$10$97DKVHkr5VcofbBYs/Yn/ONstKh0nmxmrCxsM0XzbxlSzJU5FkJsu
[24-Feb-2023 23:43:41 Europe/Berlin] title: aaaa
[24-Feb-2023 23:43:41 Europe/Berlin] diego
[24-Feb-2023 23:43:41 Europe/Berlin] $2y$10$97DKVHkr5VcofbBYs/Yn/ONstKh0nmxmrCxsM0XzbxlSzJU5FkJsu
[24-Feb-2023 23:43:47 Europe/Berlin] Inicia App
[24-Feb-2023 23:43:47 Europe/Berlin] title: tu vieja samuari
[24-Feb-2023 23:43:47 Europe/Berlin] diego2
[24-Feb-2023 23:43:47 Europe/Berlin] $2y$10$ooK2DDUd97/Kd5WxBIRwwu.8BUmc.rKmCY4r1w9.GMnLCL2E9enOm
[24-Feb-2023 23:43:47 Europe/Berlin] title: aqui con la bandida de lesly 
[24-Feb-2023 23:43:47 Europe/Berlin] diego
[24-Feb-2023 23:43:47 Europe/Berlin] $2y$10$97DKVHkr5VcofbBYs/Yn/ONstKh0nmxmrCxsM0XzbxlSzJU5FkJsu
[24-Feb-2023 23:43:47 Europe/Berlin] title: pepeloni
[24-Feb-2023 23:43:47 Europe/Berlin] diego
[24-Feb-2023 23:43:47 Europe/Berlin] $2y$10$97DKVHkr5VcofbBYs/Yn/ONstKh0nmxmrCxsM0XzbxlSzJU5FkJsu
[24-Feb-2023 23:43:47 Europe/Berlin] title: aaaa
[24-Feb-2023 23:43:47 Europe/Berlin] diego
[24-Feb-2023 23:43:47 Europe/Berlin] $2y$10$97DKVHkr5VcofbBYs/Yn/ONstKh0nmxmrCxsM0XzbxlSzJU5FkJsu
[24-Feb-2023 23:43:51 Europe/Berlin] Inicia App
[24-Feb-2023 23:43:51 Europe/Berlin] title: tu vieja samuari
[24-Feb-2023 23:43:51 Europe/Berlin] diego2
[24-Feb-2023 23:43:51 Europe/Berlin] $2y$10$ooK2DDUd97/Kd5WxBIRwwu.8BUmc.rKmCY4r1w9.GMnLCL2E9enOm
[24-Feb-2023 23:43:51 Europe/Berlin] title: aqui con la bandida de lesly 
[24-Feb-2023 23:43:51 Europe/Berlin] diego
[24-Feb-2023 23:43:51 Europe/Berlin] $2y$10$97DKVHkr5VcofbBYs/Yn/ONstKh0nmxmrCxsM0XzbxlSzJU5FkJsu
[24-Feb-2023 23:43:51 Europe/Berlin] title: pepeloni
[24-Feb-2023 23:43:51 Europe/Berlin] diego
[24-Feb-2023 23:43:51 Europe/Berlin] $2y$10$97DKVHkr5VcofbBYs/Yn/ONstKh0nmxmrCxsM0XzbxlSzJU5FkJsu
[24-Feb-2023 23:43:51 Europe/Berlin] title: aaaa
[24-Feb-2023 23:43:51 Europe/Berlin] diego
[24-Feb-2023 23:43:51 Europe/Berlin] $2y$10$97DKVHkr5VcofbBYs/Yn/ONstKh0nmxmrCxsM0XzbxlSzJU5FkJsu
[24-Feb-2023 23:44:19 Europe/Berlin] Inicia App
[24-Feb-2023 23:44:19 Europe/Berlin] Inicia App
[24-Feb-2023 23:44:20 Europe/Berlin] Inicia App
[24-Feb-2023 23:44:20 Europe/Berlin] title: tu vieja samuari
[24-Feb-2023 23:44:20 Europe/Berlin] diego2
[24-Feb-2023 23:44:20 Europe/Berlin] $2y$10$ooK2DDUd97/Kd5WxBIRwwu.8BUmc.rKmCY4r1w9.GMnLCL2E9enOm
[24-Feb-2023 23:44:20 Europe/Berlin] title: aqui con la bandida de lesly 
[24-Feb-2023 23:44:20 Europe/Berlin] diego
[24-Feb-2023 23:44:20 Europe/Berlin] $2y$10$97DKVHkr5VcofbBYs/Yn/ONstKh0nmxmrCxsM0XzbxlSzJU5FkJsu
[24-Feb-2023 23:44:20 Europe/Berlin] title: pepeloni
[24-Feb-2023 23:44:20 Europe/Berlin] diego
[24-Feb-2023 23:44:20 Europe/Berlin] $2y$10$97DKVHkr5VcofbBYs/Yn/ONstKh0nmxmrCxsM0XzbxlSzJU5FkJsu
[24-Feb-2023 23:44:20 Europe/Berlin] title: aaaa
[24-Feb-2023 23:44:20 Europe/Berlin] diego
[24-Feb-2023 23:44:20 Europe/Berlin] $2y$10$97DKVHkr5VcofbBYs/Yn/ONstKh0nmxmrCxsM0XzbxlSzJU5FkJsu
[24-Feb-2023 23:44:29 Europe/Berlin] Inicia App
[24-Feb-2023 23:44:30 Europe/Berlin] Inicia App
[24-Feb-2023 23:44:32 Europe/Berlin] Inicia App
[24-Feb-2023 23:44:39 Europe/Berlin] Inicia App
[24-Feb-2023 23:44:40 Europe/Berlin] Inicia App
[24-Feb-2023 23:44:45 Europe/Berlin] Inicia App
[24-Feb-2023 23:44:45 Europe/Berlin] lesly
[24-Feb-2023 23:44:45 Europe/Berlin] $2y$10$X7dFHRLIBl88D3Vho.yUpu6ugn/Eeb08ZbRB6k35HMQvf5XJ3r742
[24-Feb-2023 23:44:45 Europe/Berlin] User logged in
[24-Feb-2023 23:44:46 Europe/Berlin] Inicia App
[24-Feb-2023 23:44:46 Europe/Berlin] title: tu vieja samuari
[24-Feb-2023 23:44:46 Europe/Berlin] diego2
[24-Feb-2023 23:44:46 Europe/Berlin] $2y$10$ooK2DDUd97/Kd5WxBIRwwu.8BUmc.rKmCY4r1w9.GMnLCL2E9enOm
[24-Feb-2023 23:44:46 Europe/Berlin] title: aqui con la bandida de lesly 
[24-Feb-2023 23:44:46 Europe/Berlin] diego
[24-Feb-2023 23:44:46 Europe/Berlin] $2y$10$97DKVHkr5VcofbBYs/Yn/ONstKh0nmxmrCxsM0XzbxlSzJU5FkJsu
[24-Feb-2023 23:44:46 Europe/Berlin] title: pepeloni
[24-Feb-2023 23:44:46 Europe/Berlin] diego
[24-Feb-2023 23:44:46 Europe/Berlin] $2y$10$97DKVHkr5VcofbBYs/Yn/ONstKh0nmxmrCxsM0XzbxlSzJU5FkJsu
[24-Feb-2023 23:44:46 Europe/Berlin] title: aaaa
[24-Feb-2023 23:44:46 Europe/Berlin] diego
[24-Feb-2023 23:44:46 Europe/Berlin] $2y$10$97DKVHkr5VcofbBYs/Yn/ONstKh0nmxmrCxsM0XzbxlSzJU5FkJsu
[24-Feb-2023 23:44:49 Europe/Berlin] Inicia App
[24-Feb-2023 23:44:49 Europe/Berlin] like-> no es nulo
[24-Feb-2023 23:44:49 Europe/Berlin] title: tu vieja samuari
[24-Feb-2023 23:44:49 Europe/Berlin] tu vieja samuari
[24-Feb-2023 23:44:49 Europe/Berlin] post_id = 18; user_id = 13
[24-Feb-2023 23:44:50 Europe/Berlin] Inicia App
[24-Feb-2023 23:44:50 Europe/Berlin] title: tu vieja samuari
[24-Feb-2023 23:44:50 Europe/Berlin] diego2
[24-Feb-2023 23:44:50 Europe/Berlin] $2y$10$ooK2DDUd97/Kd5WxBIRwwu.8BUmc.rKmCY4r1w9.GMnLCL2E9enOm
[24-Feb-2023 23:44:50 Europe/Berlin] title: aqui con la bandida de lesly 
[24-Feb-2023 23:44:50 Europe/Berlin] diego
[24-Feb-2023 23:44:50 Europe/Berlin] $2y$10$97DKVHkr5VcofbBYs/Yn/ONstKh0nmxmrCxsM0XzbxlSzJU5FkJsu
[24-Feb-2023 23:44:50 Europe/Berlin] title: pepeloni
[24-Feb-2023 23:44:50 Europe/Berlin] diego
[24-Feb-2023 23:44:50 Europe/Berlin] $2y$10$97DKVHkr5VcofbBYs/Yn/ONstKh0nmxmrCxsM0XzbxlSzJU5FkJsu
[24-Feb-2023 23:44:50 Europe/Berlin] title: aaaa
[24-Feb-2023 23:44:50 Europe/Berlin] diego
[24-Feb-2023 23:44:50 Europe/Berlin] $2y$10$97DKVHkr5VcofbBYs/Yn/ONstKh0nmxmrCxsM0XzbxlSzJU5FkJsu
[24-Feb-2023 23:44:58 Europe/Berlin] Inicia App
[24-Feb-2023 23:44:58 Europe/Berlin] title: leslycita
[24-Feb-2023 23:44:58 Europe/Berlin] Inicia App
[24-Feb-2023 23:44:58 Europe/Berlin] title: leslycita
[24-Feb-2023 23:44:58 Europe/Berlin] lesly
[24-Feb-2023 23:44:58 Europe/Berlin] $2y$10$X7dFHRLIBl88D3Vho.yUpu6ugn/Eeb08ZbRB6k35HMQvf5XJ3r742
[24-Feb-2023 23:44:58 Europe/Berlin] title: tu vieja samuari
[24-Feb-2023 23:44:58 Europe/Berlin] diego2
[24-Feb-2023 23:44:58 Europe/Berlin] $2y$10$ooK2DDUd97/Kd5WxBIRwwu.8BUmc.rKmCY4r1w9.GMnLCL2E9enOm
[24-Feb-2023 23:44:58 Europe/Berlin] title: aqui con la bandida de lesly 
[24-Feb-2023 23:44:58 Europe/Berlin] diego
[24-Feb-2023 23:44:58 Europe/Berlin] $2y$10$97DKVHkr5VcofbBYs/Yn/ONstKh0nmxmrCxsM0XzbxlSzJU5FkJsu
[24-Feb-2023 23:44:58 Europe/Berlin] title: pepeloni
[24-Feb-2023 23:44:58 Europe/Berlin] diego
[24-Feb-2023 23:44:58 Europe/Berlin] $2y$10$97DKVHkr5VcofbBYs/Yn/ONstKh0nmxmrCxsM0XzbxlSzJU5FkJsu
[24-Feb-2023 23:44:58 Europe/Berlin] title: aaaa
[24-Feb-2023 23:44:58 Europe/Berlin] diego
[24-Feb-2023 23:44:58 Europe/Berlin] $2y$10$97DKVHkr5VcofbBYs/Yn/ONstKh0nmxmrCxsM0XzbxlSzJU5FkJsu
[24-Feb-2023 23:45:40 Europe/Berlin] Inicia App
[24-Feb-2023 23:45:40 Europe/Berlin] title: leslycita
[24-Feb-2023 23:45:40 Europe/Berlin] lesly
[24-Feb-2023 23:45:40 Europe/Berlin] $2y$10$X7dFHRLIBl88D3Vho.yUpu6ugn/Eeb08ZbRB6k35HMQvf5XJ3r742
[24-Feb-2023 23:45:40 Europe/Berlin] title: tu vieja samuari
[24-Feb-2023 23:45:40 Europe/Berlin] diego2
[24-Feb-2023 23:45:40 Europe/Berlin] $2y$10$ooK2DDUd97/Kd5WxBIRwwu.8BUmc.rKmCY4r1w9.GMnLCL2E9enOm
[24-Feb-2023 23:45:40 Europe/Berlin] title: aqui con la bandida de lesly 
[24-Feb-2023 23:45:40 Europe/Berlin] diego
[24-Feb-2023 23:45:40 Europe/Berlin] $2y$10$97DKVHkr5VcofbBYs/Yn/ONstKh0nmxmrCxsM0XzbxlSzJU5FkJsu
[24-Feb-2023 23:45:40 Europe/Berlin] title: pepeloni
[24-Feb-2023 23:45:40 Europe/Berlin] diego
[24-Feb-2023 23:45:40 Europe/Berlin] $2y$10$97DKVHkr5VcofbBYs/Yn/ONstKh0nmxmrCxsM0XzbxlSzJU5FkJsu
[24-Feb-2023 23:45:40 Europe/Berlin] title: aaaa
[24-Feb-2023 23:45:40 Europe/Berlin] diego
[24-Feb-2023 23:45:40 Europe/Berlin] $2y$10$97DKVHkr5VcofbBYs/Yn/ONstKh0nmxmrCxsM0XzbxlSzJU5FkJsu
[24-Feb-2023 23:46:01 Europe/Berlin] Inicia App
[24-Feb-2023 23:46:01 Europe/Berlin] title: leslycita
[24-Feb-2023 23:46:01 Europe/Berlin] lesly
[24-Feb-2023 23:46:01 Europe/Berlin] $2y$10$X7dFHRLIBl88D3Vho.yUpu6ugn/Eeb08ZbRB6k35HMQvf5XJ3r742
[24-Feb-2023 23:46:01 Europe/Berlin] title: tu vieja samuari
[24-Feb-2023 23:46:01 Europe/Berlin] diego2
[24-Feb-2023 23:46:01 Europe/Berlin] $2y$10$ooK2DDUd97/Kd5WxBIRwwu.8BUmc.rKmCY4r1w9.GMnLCL2E9enOm
[24-Feb-2023 23:46:01 Europe/Berlin] title: aqui con la bandida de lesly 
[24-Feb-2023 23:46:01 Europe/Berlin] diego
[24-Feb-2023 23:46:01 Europe/Berlin] $2y$10$97DKVHkr5VcofbBYs/Yn/ONstKh0nmxmrCxsM0XzbxlSzJU5FkJsu
[24-Feb-2023 23:46:01 Europe/Berlin] title: pepeloni
[24-Feb-2023 23:46:01 Europe/Berlin] diego
[24-Feb-2023 23:46:01 Europe/Berlin] $2y$10$97DKVHkr5VcofbBYs/Yn/ONstKh0nmxmrCxsM0XzbxlSzJU5FkJsu
[24-Feb-2023 23:46:01 Europe/Berlin] title: aaaa
[24-Feb-2023 23:46:01 Europe/Berlin] diego
[24-Feb-2023 23:46:01 Europe/Berlin] $2y$10$97DKVHkr5VcofbBYs/Yn/ONstKh0nmxmrCxsM0XzbxlSzJU5FkJsu
[24-Feb-2023 23:46:10 Europe/Berlin] Inicia App
[24-Feb-2023 23:46:10 Europe/Berlin] title: leslycita
[24-Feb-2023 23:46:10 Europe/Berlin] lesly
[24-Feb-2023 23:46:10 Europe/Berlin] $2y$10$X7dFHRLIBl88D3Vho.yUpu6ugn/Eeb08ZbRB6k35HMQvf5XJ3r742
[24-Feb-2023 23:46:10 Europe/Berlin] title: tu vieja samuari
[24-Feb-2023 23:46:10 Europe/Berlin] diego2
[24-Feb-2023 23:46:10 Europe/Berlin] $2y$10$ooK2DDUd97/Kd5WxBIRwwu.8BUmc.rKmCY4r1w9.GMnLCL2E9enOm
[24-Feb-2023 23:46:10 Europe/Berlin] title: aqui con la bandida de lesly 
[24-Feb-2023 23:46:10 Europe/Berlin] diego
[24-Feb-2023 23:46:10 Europe/Berlin] $2y$10$97DKVHkr5VcofbBYs/Yn/ONstKh0nmxmrCxsM0XzbxlSzJU5FkJsu
[24-Feb-2023 23:46:10 Europe/Berlin] title: pepeloni
[24-Feb-2023 23:46:10 Europe/Berlin] diego
[24-Feb-2023 23:46:10 Europe/Berlin] $2y$10$97DKVHkr5VcofbBYs/Yn/ONstKh0nmxmrCxsM0XzbxlSzJU5FkJsu
[24-Feb-2023 23:46:10 Europe/Berlin] title: aaaa
[24-Feb-2023 23:46:10 Europe/Berlin] diego
[24-Feb-2023 23:46:10 Europe/Berlin] $2y$10$97DKVHkr5VcofbBYs/Yn/ONstKh0nmxmrCxsM0XzbxlSzJU5FkJsu
[24-Feb-2023 23:46:19 Europe/Berlin] Inicia App
[24-Feb-2023 23:46:19 Europe/Berlin] like-> no es nulo
[24-Feb-2023 23:46:19 Europe/Berlin] title: leslycita
[24-Feb-2023 23:46:19 Europe/Berlin] leslycita
[24-Feb-2023 23:46:19 Europe/Berlin] post_id = 19; user_id = 13
[24-Feb-2023 23:46:20 Europe/Berlin] Inicia App
[24-Feb-2023 23:46:20 Europe/Berlin] title: leslycita
[24-Feb-2023 23:46:20 Europe/Berlin] lesly
[24-Feb-2023 23:46:20 Europe/Berlin] $2y$10$X7dFHRLIBl88D3Vho.yUpu6ugn/Eeb08ZbRB6k35HMQvf5XJ3r742
[24-Feb-2023 23:46:20 Europe/Berlin] title: tu vieja samuari
[24-Feb-2023 23:46:20 Europe/Berlin] diego2
[24-Feb-2023 23:46:20 Europe/Berlin] $2y$10$ooK2DDUd97/Kd5WxBIRwwu.8BUmc.rKmCY4r1w9.GMnLCL2E9enOm
[24-Feb-2023 23:46:20 Europe/Berlin] title: aqui con la bandida de lesly 
[24-Feb-2023 23:46:20 Europe/Berlin] diego
[24-Feb-2023 23:46:20 Europe/Berlin] $2y$10$97DKVHkr5VcofbBYs/Yn/ONstKh0nmxmrCxsM0XzbxlSzJU5FkJsu
[24-Feb-2023 23:46:20 Europe/Berlin] title: pepeloni
[24-Feb-2023 23:46:20 Europe/Berlin] diego
[24-Feb-2023 23:46:20 Europe/Berlin] $2y$10$97DKVHkr5VcofbBYs/Yn/ONstKh0nmxmrCxsM0XzbxlSzJU5FkJsu
[24-Feb-2023 23:46:20 Europe/Berlin] title: aaaa
[24-Feb-2023 23:46:20 Europe/Berlin] diego
[24-Feb-2023 23:46:20 Europe/Berlin] $2y$10$97DKVHkr5VcofbBYs/Yn/ONstKh0nmxmrCxsM0XzbxlSzJU5FkJsu
[24-Feb-2023 23:46:40 Europe/Berlin] Inicia App
[24-Feb-2023 23:46:40 Europe/Berlin] title: leslycita
[24-Feb-2023 23:46:40 Europe/Berlin] lesly
[24-Feb-2023 23:46:40 Europe/Berlin] $2y$10$X7dFHRLIBl88D3Vho.yUpu6ugn/Eeb08ZbRB6k35HMQvf5XJ3r742
[24-Feb-2023 23:46:40 Europe/Berlin] title: tu vieja samuari
[24-Feb-2023 23:46:40 Europe/Berlin] diego2
[24-Feb-2023 23:46:40 Europe/Berlin] $2y$10$ooK2DDUd97/Kd5WxBIRwwu.8BUmc.rKmCY4r1w9.GMnLCL2E9enOm
[24-Feb-2023 23:46:40 Europe/Berlin] title: aqui con la bandida de lesly 
[24-Feb-2023 23:46:40 Europe/Berlin] diego
[24-Feb-2023 23:46:40 Europe/Berlin] $2y$10$97DKVHkr5VcofbBYs/Yn/ONstKh0nmxmrCxsM0XzbxlSzJU5FkJsu
[24-Feb-2023 23:46:40 Europe/Berlin] title: pepeloni
[24-Feb-2023 23:46:40 Europe/Berlin] diego
[24-Feb-2023 23:46:40 Europe/Berlin] $2y$10$97DKVHkr5VcofbBYs/Yn/ONstKh0nmxmrCxsM0XzbxlSzJU5FkJsu
[24-Feb-2023 23:46:40 Europe/Berlin] title: aaaa
[24-Feb-2023 23:46:40 Europe/Berlin] diego
[24-Feb-2023 23:46:40 Europe/Berlin] $2y$10$97DKVHkr5VcofbBYs/Yn/ONstKh0nmxmrCxsM0XzbxlSzJU5FkJsu
[24-Feb-2023 23:46:55 Europe/Berlin] Inicia App
[24-Feb-2023 23:46:55 Europe/Berlin] title: leslycita
[24-Feb-2023 23:46:55 Europe/Berlin] lesly
[24-Feb-2023 23:46:55 Europe/Berlin] $2y$10$X7dFHRLIBl88D3Vho.yUpu6ugn/Eeb08ZbRB6k35HMQvf5XJ3r742
[24-Feb-2023 23:46:55 Europe/Berlin] title: tu vieja samuari
[24-Feb-2023 23:46:55 Europe/Berlin] diego2
[24-Feb-2023 23:46:55 Europe/Berlin] $2y$10$ooK2DDUd97/Kd5WxBIRwwu.8BUmc.rKmCY4r1w9.GMnLCL2E9enOm
[24-Feb-2023 23:46:55 Europe/Berlin] title: aqui con la bandida de lesly 
[24-Feb-2023 23:46:55 Europe/Berlin] diego
[24-Feb-2023 23:46:55 Europe/Berlin] $2y$10$97DKVHkr5VcofbBYs/Yn/ONstKh0nmxmrCxsM0XzbxlSzJU5FkJsu
[24-Feb-2023 23:46:55 Europe/Berlin] title: pepeloni
[24-Feb-2023 23:46:55 Europe/Berlin] diego
[24-Feb-2023 23:46:55 Europe/Berlin] $2y$10$97DKVHkr5VcofbBYs/Yn/ONstKh0nmxmrCxsM0XzbxlSzJU5FkJsu
[24-Feb-2023 23:46:55 Europe/Berlin] title: aaaa
[24-Feb-2023 23:46:55 Europe/Berlin] diego
[24-Feb-2023 23:46:55 Europe/Berlin] $2y$10$97DKVHkr5VcofbBYs/Yn/ONstKh0nmxmrCxsM0XzbxlSzJU5FkJsu
[24-Feb-2023 23:47:39 Europe/Berlin] Inicia App
[24-Feb-2023 23:47:39 Europe/Berlin] title: leslycita
[24-Feb-2023 23:47:39 Europe/Berlin] lesly
[24-Feb-2023 23:47:39 Europe/Berlin] $2y$10$X7dFHRLIBl88D3Vho.yUpu6ugn/Eeb08ZbRB6k35HMQvf5XJ3r742
[24-Feb-2023 23:47:39 Europe/Berlin] title: tu vieja samuari
[24-Feb-2023 23:47:39 Europe/Berlin] diego2
[24-Feb-2023 23:47:39 Europe/Berlin] $2y$10$ooK2DDUd97/Kd5WxBIRwwu.8BUmc.rKmCY4r1w9.GMnLCL2E9enOm
[24-Feb-2023 23:47:39 Europe/Berlin] title: aqui con la bandida de lesly 
[24-Feb-2023 23:47:39 Europe/Berlin] diego
[24-Feb-2023 23:47:39 Europe/Berlin] $2y$10$97DKVHkr5VcofbBYs/Yn/ONstKh0nmxmrCxsM0XzbxlSzJU5FkJsu
[24-Feb-2023 23:47:39 Europe/Berlin] title: pepeloni
[24-Feb-2023 23:47:39 Europe/Berlin] diego
[24-Feb-2023 23:47:39 Europe/Berlin] $2y$10$97DKVHkr5VcofbBYs/Yn/ONstKh0nmxmrCxsM0XzbxlSzJU5FkJsu
[24-Feb-2023 23:47:39 Europe/Berlin] title: aaaa
[24-Feb-2023 23:47:39 Europe/Berlin] diego
[24-Feb-2023 23:47:39 Europe/Berlin] $2y$10$97DKVHkr5VcofbBYs/Yn/ONstKh0nmxmrCxsM0XzbxlSzJU5FkJsu
[24-Feb-2023 23:47:44 Europe/Berlin] Inicia App
[24-Feb-2023 23:47:44 Europe/Berlin] title: leslycita
[24-Feb-2023 23:47:44 Europe/Berlin] lesly
[24-Feb-2023 23:47:44 Europe/Berlin] $2y$10$X7dFHRLIBl88D3Vho.yUpu6ugn/Eeb08ZbRB6k35HMQvf5XJ3r742
[24-Feb-2023 23:47:44 Europe/Berlin] title: tu vieja samuari
[24-Feb-2023 23:47:44 Europe/Berlin] diego2
[24-Feb-2023 23:47:44 Europe/Berlin] $2y$10$ooK2DDUd97/Kd5WxBIRwwu.8BUmc.rKmCY4r1w9.GMnLCL2E9enOm
[24-Feb-2023 23:47:44 Europe/Berlin] title: aqui con la bandida de lesly 
[24-Feb-2023 23:47:44 Europe/Berlin] diego
[24-Feb-2023 23:47:44 Europe/Berlin] $2y$10$97DKVHkr5VcofbBYs/Yn/ONstKh0nmxmrCxsM0XzbxlSzJU5FkJsu
[24-Feb-2023 23:47:44 Europe/Berlin] title: pepeloni
[24-Feb-2023 23:47:44 Europe/Berlin] diego
[24-Feb-2023 23:47:44 Europe/Berlin] $2y$10$97DKVHkr5VcofbBYs/Yn/ONstKh0nmxmrCxsM0XzbxlSzJU5FkJsu
[24-Feb-2023 23:47:44 Europe/Berlin] title: aaaa
[24-Feb-2023 23:47:44 Europe/Berlin] diego
[24-Feb-2023 23:47:44 Europe/Berlin] $2y$10$97DKVHkr5VcofbBYs/Yn/ONstKh0nmxmrCxsM0XzbxlSzJU5FkJsu
[24-Feb-2023 23:47:58 Europe/Berlin] Inicia App
[24-Feb-2023 23:47:58 Europe/Berlin] title: leslycita
[24-Feb-2023 23:47:58 Europe/Berlin] lesly
[24-Feb-2023 23:47:58 Europe/Berlin] $2y$10$X7dFHRLIBl88D3Vho.yUpu6ugn/Eeb08ZbRB6k35HMQvf5XJ3r742
[24-Feb-2023 23:47:58 Europe/Berlin] title: tu vieja samuari
[24-Feb-2023 23:47:58 Europe/Berlin] diego2
[24-Feb-2023 23:47:58 Europe/Berlin] $2y$10$ooK2DDUd97/Kd5WxBIRwwu.8BUmc.rKmCY4r1w9.GMnLCL2E9enOm
[24-Feb-2023 23:47:58 Europe/Berlin] title: aqui con la bandida de lesly 
[24-Feb-2023 23:47:58 Europe/Berlin] diego
[24-Feb-2023 23:47:58 Europe/Berlin] $2y$10$97DKVHkr5VcofbBYs/Yn/ONstKh0nmxmrCxsM0XzbxlSzJU5FkJsu
[24-Feb-2023 23:47:58 Europe/Berlin] title: pepeloni
[24-Feb-2023 23:47:58 Europe/Berlin] diego
[24-Feb-2023 23:47:58 Europe/Berlin] $2y$10$97DKVHkr5VcofbBYs/Yn/ONstKh0nmxmrCxsM0XzbxlSzJU5FkJsu
[24-Feb-2023 23:47:58 Europe/Berlin] title: aaaa
[24-Feb-2023 23:47:58 Europe/Berlin] diego
[24-Feb-2023 23:47:58 Europe/Berlin] $2y$10$97DKVHkr5VcofbBYs/Yn/ONstKh0nmxmrCxsM0XzbxlSzJU5FkJsu
